<?xml version="1.0" encoding="UTF-8"?>
<testng-results ignored="0" total="1" passed="1" failed="0" skipped="0">
  <reporter-output>
  </reporter-output>
  <suite started-at="2021-09-11T02:49:34 IST" name="Default suite" finished-at="2021-09-11T02:49:38 IST" duration-ms="4086">
    <groups>
    </groups>
    <test started-at="2021-09-11T02:49:34 IST" name="Default test" finished-at="2021-09-11T02:49:38 IST" duration-ms="4086">
      <class name="sample.Stringpgm">
        <test-method signature="pu()[pri:0, instance:sample.Stringpgm@5fd4f8f5]" started-at="2021-09-11T02:49:34 IST" name="pu" finished-at="2021-09-11T02:49:38 IST" duration-ms="4014" status="PASS">
          <reporter-output>
          </reporter-output>
        </test-method> <!-- pu -->
      </class> <!-- sample.Stringpgm -->
    </test> <!-- Default test -->
  </suite> <!-- Default suite -->
</testng-results>
